\BOOKMARK [1][-]{section.1}{Introduction}{}% 1
\BOOKMARK [1][-]{section.2}{Solar image analysis problem setup }{}% 2
\BOOKMARK [2][-]{subsection.2.1}{Coronal hole segmentation problem setup}{section.2}% 3
\BOOKMARK [2][-]{subsection.2.2}{Coronal hole matching problem setup}{section.2}% 4
\BOOKMARK [2][-]{subsection.2.3}{Coronal hole map classification problem setup}{section.2}% 5
\BOOKMARK [1][-]{section.3}{Methodology}{}% 6
\BOOKMARK [2][-]{subsection.3.1}{Multimodal Segmentation of Coronal Holes}{section.3}% 7
\BOOKMARK [3][-]{subsubsection.3.1.1}{Level-set Segmentation}{subsection.3.1}% 8
\BOOKMARK [2][-]{subsection.3.2}{Clustering and Matching}{section.3}% 9
\BOOKMARK [3][-]{subsubsection.3.2.1}{Pre-processing}{subsection.3.2}% 10
\BOOKMARK [3][-]{subsubsection.3.2.2}{Clustering}{subsection.3.2}% 11
\BOOKMARK [3][-]{subsubsection.3.2.3}{Detecting new and missed coronal hole clusters}{subsection.3.2}% 12
\BOOKMARK [3][-]{subsubsection.3.2.4}{Matching with re-clustering}{subsection.3.2}% 13
\BOOKMARK [2][-]{subsection.3.3}{Classification}{section.3}% 14
\BOOKMARK [1][-]{section.4}{Results}{}% 15
\BOOKMARK [2][-]{subsection.4.1}{Dataset}{section.4}% 16
\BOOKMARK [2][-]{subsection.4.2}{Segmentation}{section.4}% 17
\BOOKMARK [2][-]{subsection.4.3}{Coronal hole matching}{section.4}% 18
\BOOKMARK [2][-]{subsection.4.4}{Classification results}{section.4}% 19
\BOOKMARK [1][-]{section.5}{Conclusion}{}% 20
\BOOKMARK [1][-]{section*.24}{References}{}% 21
